<?xml version="1.0" encoding="UTF-8"?>
<!-- Generated by org.testng.reporters.JUnitXMLReporter -->
<testsuite hostname="ARPF1YW7T8" ignored="0" name="Test" tests="3" failures="1" timestamp="2020-05-20T18:15:00 ART" time="31.335" errors="0">
  <testcase name="registroUsuario" time="1.754" classname="pruebas.Laboratorio3_E1">
    <failure type="org.openqa.selenium.NoSuchElementException" message="Cannot locate element with text: mar
For documentation on this error, please visit: https://www.seleniumhq.org/exceptions/no_such_element.html
Build info: version: &amp;apos;3.141.59&amp;apos;, revision: &amp;apos;e82be7d358&amp;apos;, time: &amp;apos;2018-11-14T08:17:03&amp;apos;
System info: host: &amp;apos;ARPF1YW7T8&amp;apos;, ip: &amp;apos;192.168.0.58&amp;apos;, os.name: &amp;apos;Windows 10&amp;apos;, os.arch: &amp;apos;amd64&amp;apos;, os.version: &amp;apos;10.0&amp;apos;, java.version: &amp;apos;1.8.0_251&amp;apos;
Driver info: driver.version: unknown">
      <![CDATA[org.openqa.selenium.NoSuchElementException: Cannot locate element with text: mar
For documentation on this error, please visit: https://www.seleniumhq.org/exceptions/no_such_element.html
Build info: version: '3.141.59', revision: 'e82be7d358', time: '2018-11-14T08:17:03'
System info: host: 'ARPF1YW7T8', ip: '192.168.0.58', os.name: 'Windows 10', os.arch: 'amd64', os.version: '10.0', java.version: '1.8.0_251'
Driver info: driver.version: unknown
at org.openqa.selenium.support.ui.Select.selectByVisibleText(Select.java:147)
at pruebas.Laboratorio3_E1.registroUsuario(Laboratorio3_E1.java:47)
at java.util.ArrayList.forEach(Unknown Source)
... Removed 27 stack frames]]>
    </failure>
  </testcase> <!-- registroUsuario -->
  <testcase name="f" time="2.166" classname="pruebas.Laboratorio3_E2"/>
  <testcase name="ingreso" time="2.937" classname="pruebas.Laboratorio3_E2"/>
</testsuite> <!-- Test -->
